Flutter crash report.
Please report a bug at https://github.com/flutter/flutter/issues.

## command

flutter --quiet assemble --depfile /home/therexone/Desktop/workspace/playground/linux_mon/build/app/intermediates/flutter/debug/flutter_build.d --output /home/therexone/Desktop/workspace/playground/linux_mon/build/app/intermediates/flutter/debug -dTargetFile=/home/therexone/Desktop/workspace/playground/linux_mon/lib/main.dart -dTargetPlatform=android -dBuildMode=debug -dTrackWidgetCreation=true --DartDefines=flutter.inspector.structuredErrors%3Dtrue debug_android_application

## exception

FileSystemException: FileSystemException: Cannot open file, path = '/home/therexone/Desktop/workspace/playground/linux_mon/build/app/intermediates/flutter/debug/.last_build_id' (OS Error: No such file or directory, errno = 2)

```
#0      _File.throwIfError (dart:io/file_impl.dart:635:7)
#1      _File.openSync (dart:io/file_impl.dart:479:5)
#2      _File.writeAsBytesSync (dart:io/file_impl.dart:604:31)
#3      _File.writeAsStringSync (dart:io/file_impl.dart:628:5)
#4      ForwardingFile.writeAsStringSync (package:file/src/forwarding/forwarding_file.dart:154:16)
#5      ErrorHandlingFile.writeAsStringSync.<anonymous closure> (package:flutter_tools/src/base/error_handling_file_system.dart:186:22)
#6      _runSync (package:flutter_tools/src/base/error_handling_file_system.dart:351:14)
#7      ErrorHandlingFile.writeAsStringSync (package:flutter_tools/src/base/error_handling_file_system.dart:185:5)
#8      FlutterBuildSystem.trackSharedBuildDirectory (package:flutter_tools/src/build_system/build_system.dart:667:23)
#9      FlutterBuildSystem.build (package:flutter_tools/src/build_system/build_system.dart:584:5)
<asynchronous suspension>
#10     AssembleCommand.runCommand (package:flutter_tools/src/commands/assemble.dart:218:58)
#11     FlutterCommand.verifyThenRunCommand (package:flutter_tools/src/runner/flutter_command.dart:797:18)
<asynchronous suspension>
#12     FlutterCommand.run.<anonymous closure> (package:flutter_tools/src/runner/flutter_command.dart:694:33)
<asynchronous suspension>
#13     FlutterCommand.run.<anonymous closure> (package:flutter_tools/src/runner/flutter_command.dart)
#14     AppContext.run.<anonymous closure> (package:flutter_tools/src/base/context.dart:150:29)
#15     _rootRun (dart:async/zone.dart:1190:13)
#16     _CustomZone.run (dart:async/zone.dart:1093:19)
#17     _runZoned (dart:async/zone.dart:1630:10)
#18     runZoned (dart:async/zone.dart:1550:10)
#19     AppContext.run (package:flutter_tools/src/base/context.dart:149:18)
#20     FlutterCommand.run (package:flutter_tools/src/runner/flutter_command.dart:684:20)
#21     CommandRunner.runCommand (package:args/command_runner.dart:197:27)
#22     FlutterCommandRunner.runCommand.<anonymous closure> (package:flutter_tools/src/runner/flutter_command_runner.dart:339:21)
<asynchronous suspension>
#23     FlutterCommandRunner.runCommand.<anonymous closure> (package:flutter_tools/src/runner/flutter_command_runner.dart)
#24     AppContext.run.<anonymous closure> (package:flutter_tools/src/base/context.dart:150:29)
#25     _rootRun (dart:async/zone.dart:1190:13)
#26     _CustomZone.run (dart:async/zone.dart:1093:19)
#27     _runZoned (dart:async/zone.dart:1630:10)
#28     runZoned (dart:async/zone.dart:1550:10)
#29     AppContext.run (package:flutter_tools/src/base/context.dart:149:18)
#30     FlutterCommandRunner.runCommand (package:flutter_tools/src/runner/flutter_command_runner.dart:289:19)
<asynchronous suspension>
#31     CommandRunner.run.<anonymous closure> (package:args/command_runner.dart:112:25)
#32     new Future.sync (dart:async/future.dart:222:31)
#33     CommandRunner.run (package:args/command_runner.dart:112:14)
#34     FlutterCommandRunner.run (package:flutter_tools/src/runner/flutter_command_runner.dart:232:18)
#35     run.<anonymous closure>.<anonymous closure> (package:flutter_tools/runner.dart:61:22)
#36     _rootRun (dart:async/zone.dart:1190:13)
#37     _CustomZone.run (dart:async/zone.dart:1093:19)
#38     _runZoned (dart:async/zone.dart:1630:10)
#39     runZonedGuarded (dart:async/zone.dart:1618:12)
#40     runZoned (dart:async/zone.dart:1547:12)
#41     run.<anonymous closure> (package:flutter_tools/runner.dart:59:18)
<asynchronous suspension>
#42     run.<anonymous closure> (package:flutter_tools/runner.dart)
#43     runInContext.runnerWrapper (package:flutter_tools/src/context_runner.dart:62:18)
<asynchronous suspension>
#44     runInContext.runnerWrapper (package:flutter_tools/src/context_runner.dart)
#45     AppContext.run.<anonymous closure> (package:flutter_tools/src/base/context.dart:150:29)
#46     _rootRun (dart:async/zone.dart:1190:13)
#47     _CustomZone.run (dart:async/zone.dart:1093:19)
#48     _runZoned (dart:async/zone.dart:1630:10)
#49     runZoned (dart:async/zone.dart:1550:10)
#50     AppContext.run (package:flutter_tools/src/base/context.dart:149:18)
#51     runInContext (package:flutter_tools/src/context_runner.dart:65:24)
#52     run (package:flutter_tools/runner.dart:46:10)
#53     main (package:flutter_tools/executable.dart:68:9)
#54     main (file:///home/therexone/Desktop/workspace/flutter/packages/flutter_tools/bin/flutter_tools.dart:8:3)
#55     _startIsolate.<anonymous closure> (dart:isolate-patch/isolate_patch.dart:299:32)
#56     _RawReceivePortImpl._handleMessage (dart:isolate-patch/isolate_patch.dart:168:12)
```

## flutter doctor

```
[✓] Flutter (Channel beta, 1.19.0-4.2.pre, on Linux, locale en_IN)
    • Flutter version 1.19.0-4.2.pre at /home/therexone/Desktop/workspace/flutter
    • Framework revision 9b9b543d92 (4 days ago), 2020-06-22 12:19:28 -0700
    • Engine revision 9a28c3bcf4
    • Dart version 2.9.0 (build 2.9.0-14.1.beta)

[✓] Android toolchain - develop for Android devices (Android SDK version 29.0.3)
    • Android SDK at /home/therexone/Android/Sdk
    • Platform android-29, build-tools 29.0.3
    • Java binary at: /home/therexone/Desktop/workspace/android-studio/jre/bin/java
    • Java version OpenJDK Runtime Environment (build 1.8.0_212-release-1586-b4-5784211)
    • All Android licenses accepted.

[✓] Android Studio (version 3.6)
    • Android Studio at /home/therexone/Desktop/workspace/android-studio
    • Flutter plugin version 45.1.1
    • Dart plugin version 192.7761
    • Java version OpenJDK Runtime Environment (build 1.8.0_212-release-1586-b4-5784211)

[✓] VS Code (version 1.46.1)
    • VS Code at /usr/share/code
    • Flutter extension version 3.12.0

[✓] Connected device (1 available)
    • ASUS X00TD • J8AAGF09F634FUD • android-arm64 • Android 9 (API 28)

• No issues found!
```
